##############################################################################
#                                                                            #
# IAR Atmel AVR C Compiler V3.10C/W32                  28/Sep/2012  11:33:21 #
# Copyright 1996-2004 IAR Systems. All rights reserved.                      #
#                                                                            #
#    Source file  =  C:\hmhome\900212\vssrc\System1.c                        #
#    Command line =  --cpu=m16 -ms -o C:\hmhome\900212\Debug\Obj\ -D         #
#                    ENABLE_BIT_DEFINITIONS -lcN                             #
#                    C:\hmhome\900212\Debug\List\ --initializers_in_flash    #
#                    -z2 --no_cse --no_inline --no_code_motion               #
#                    --no_cross_call --no_clustering --debug -e -I ..\SRC\   #
#                    -I ..\VSAPI\ -I ..\VSSRC\ -I "C:\Program Files\IAR      #
#                    Systems\Embedded Workbench 3.2\avr\INC\" -I             #
#                    "C:\Program Files\IAR Systems\Embedded Workbench        #
#                    3.2\avr\INC\CLIB\" --eeprom_size 512                    #
#                    C:\hmhome\900212\vssrc\System1.c                        #
#    List file    =  C:\hmhome\900212\Debug\List\System1.lst                 #
#    Object file  =  C:\hmhome\900212\Debug\Obj\System1.r90                  #
#                                                                            #
#                                                                            #
##############################################################################

C:\hmhome\900212\vssrc\System1.c
      1          /*
      2           * Id:        System1.c
      3           *
      4           * Function:  VS System Source File.
      5           *
      6           * Generated: Fri Jan 13 13:08:29 2006
      7           *
      8           * Coder 5.1.0.215 
      9           * 
     10           * This is an automatically generated file. It will be overwritten by the Coder. 
     11           * 
     12           * DO NOT EDIT THE FILE! 
     13           */
     14          
     15          
     16          /*
     17           * Include SEM Library Header File.
     18           */
     19          #include "SEMLibB.h"
     20          
     21          
     22          /*
     23           * Include VS System Header File.
     24           */
     25          #include "System1.h"
     26          
     27          
     28          /*
     29           * Include VS System Data Header File.
     30           */
     31          #include "System1Data.h"
     32          
     33          
     34          /*
     35           * SEM Library Data Declaration.
     36           */
     37          SEMDATA SEM;
     38          
     39          
     40          
     41          
     42          
     43          /*
     44           * VS System Data Declaration and Initialization.
     45           *
     46           * VS System Informations:
     47           * - Rule data format number:  1
     48           */
     49          VSDATA const VS = 
     50          {
     51            {
     52              0X000, 0X000, 0X000, 0X000, 0X000, 0X001, 0X001, 0X002, 
     53              0X002, 0X002, 0X003, 0X003
     54            },
     55            {
     56              0X000, 0X040, 0X005, 0X000, 0X005, 0X007, 0X00A, 0X003, 
     57              0X015, 0X00B, 0X006, 0X011, 0X000, 0X000, 0X001, 0X015, 
     58              0X001, 0X010, 0X001, 0X000, 0X001, 0X009, 0X001, 0X011, 
     59              0X003, 0X000, 0X000, 0X002, 0X000, 0X007, 0X008, 0X001, 
     60              0X010, 0X002, 0X000, 0X004, 0X00A, 0X016, 0X001, 0X010, 
     61              0X002, 0X000, 0X003, 0X005, 0X016, 0X001, 0X010, 0X002, 
     62              0X001, 0X000, 0X00B, 0X006, 0X001, 0X010, 0X002, 0X002, 
     63              0X000, 0X00B, 0X006, 0X001, 0X010, 0X002, 0X002, 0X000, 
     64              0X00B, 0X006, 0X001, 0X010, 0X002, 0X003, 0X000, 0X00B, 
     65              0X006, 0X001, 0X010, 0X002, 0X004, 0X000, 0X00B, 0X006, 
     66              0X001, 0X020, 0X002, 0X005, 0X006, 0X007, 0X017, 0X014, 
     67              0X002, 0X000, 0X001, 0X006, 0X007, 0X012, 0X001, 0X010, 
     68              0X001, 0X006, 0X005, 0X011, 0X000, 0X000, 0X001, 0X00D, 
     69              0X000, 0X000, 0X001, 0X00C, 0X001, 0X010, 0X001, 0X001, 
     70              0X001, 0X005, 0X001, 0X010, 0X002, 0X001, 0X001, 0X00B, 
     71              0X002, 0X001, 0X010, 0X002, 0X001, 0X001, 0X00B, 0X002, 
     72              0X001, 0X010, 0X002, 0X002, 0X002, 0X00B, 0X004, 0X001, 
     73              0X010, 0X001, 0X002, 0X002, 0X001, 0X001, 0X010, 0X002, 
     74              0X002, 0X002, 0X00B, 0X004, 0X001, 0X010, 0X002, 0X002, 
     75              0X002, 0X00B, 0X004, 0X001, 0X010, 0X002, 0X003, 0X003, 
     76              0X00B, 0X002, 0X001, 0X010, 0X002, 0X003, 0X003, 0X00B, 
     77              0X002, 0X001, 0X010, 0X001, 0X004, 0X004, 0X005, 0X001, 
     78              0X010, 0X002, 0X004, 0X004, 0X00B, 0X002, 0X001, 0X010, 
     79              0X002, 0X004, 0X004, 0X00B, 0X002, 0X001, 0X010, 0X001, 
     80              0X005, 0X005, 0X00F, 0X001, 0X010, 0X001, 0X005, 0X005, 
     81              0X00E, 0X002, 0X020, 0X003, 0X007, 0X006, 0X007, 0X006, 
     82              0X012, 0X017, 0X014, 0X002, 0X030, 0X002, 0X006, 0X007, 
     83              0X008, 0X006, 0X00A, 0X012, 0X010, 0X002, 0X020, 0X002, 
     84              0X006, 0X007, 0X009, 0X006, 0X012, 0X010, 0X003, 0X030, 
     85              0X001, 0X00A, 0X008, 0X006, 0X00B, 0X008, 0X006, 0X013, 
     86              0X003, 0X030, 0X001, 0X00B, 0X008, 0X006, 0X00A, 0X008, 
     87              0X006, 0X010
     88            },
     89            {
     90              0X000, 0X03B, 0X026, 0X06C, 0X080, 0X0A9, 0X010, 0X08D, 
     91              0X09B, 0X016, 0X01F, 0X034, 0X072, 0X094, 0X0A2, 0X0AF, 
     92              0X02D, 0X042, 0X049, 0X087, 0X079, 0X0B6, 0X068, 0X00C, 
     93              0X064, 0X0BD, 0X0C3, 0X058, 0X05E, 0X050, 0X0C9, 0X0D3, 
     94              0X0E6, 0X0DD, 0X0F0
     95            },
     96            {
     97              0X000, 0X001, 0X002, 0X003, 0X006, 0X007, 0X009, 0X00A, 
     98              0X00B, 0X00C, 0X010, 0X013, 0X014, 0X016, 0X017, 0X019, 
     99              0X01A, 0X01B, 0X01D, 0X01E, 0X01F, 0X020, 0X021, 0X021, 
    100              0X022, 0X023
    101            }
    102          };


   Segment part sizes:

     Function/Label        Bytes
     --------------        -----
     SEM                     28
     VS                     323
     ?<Initializer for VS>  323
      Others                 12

 
  12 bytes in segment INITTAB
 323 bytes in segment NEAR_I
 323 bytes in segment NEAR_ID
  28 bytes in segment NEAR_Z
 
 323 bytes of CODE memory (+ 12 bytes shared)
 351 bytes of DATA memory

Errors: none
Warnings: none
